  DLL Injector v2.cpp
C:\Users\nick yang2\source\repos\DLL Injector v2\DLL Injector v2\DLL Injector v2.cpp(153,38): warning C4566: 由通用字元名稱 '\u30D7' 表示的字元，無法在目前的字碼頁中表示 (950)
C:\Users\nick yang2\source\repos\DLL Injector v2\DLL Injector v2\DLL Injector v2.cpp(153,38): warning C4566: 由通用字元名稱 '\u30ED' 表示的字元，無法在目前的字碼頁中表示 (950)
C:\Users\nick yang2\source\repos\DLL Injector v2\DLL Injector v2\DLL Injector v2.cpp(153,38): warning C4566: 由通用字元名稱 '\u30BB' 表示的字元，無法在目前的字碼頁中表示 (950)
C:\Users\nick yang2\source\repos\DLL Injector v2\DLL Injector v2\DLL Injector v2.cpp(153,38): warning C4566: 由通用字元名稱 '\u30B9' 表示的字元，無法在目前的字碼頁中表示 (950)
C:\Users\nick yang2\source\repos\DLL Injector v2\DLL Injector v2\DLL Injector v2.cpp(153,38): warning C4566: 由通用字元名稱 '\u3092' 表示的字元，無法在目前的字碼頁中表示 (950)
C:\Users\nick yang2\source\repos\DLL Injector v2\DLL Injector v2\DLL Injector v2.cpp(153,38): warning C4566: 由通用字元名稱 '\u691C' 表示的字元，無法在目前的字碼頁中表示 (950)
C:\Users\nick yang2\source\repos\DLL Injector v2\DLL Injector v2\DLL Injector v2.cpp(154,40): warning C4566: 由通用字元名稱 '\u30D7' 表示的字元，無法在目前的字碼頁中表示 (950)
C:\Users\nick yang2\source\repos\DLL Injector v2\DLL Injector v2\DLL Injector v2.cpp(154,40): warning C4566: 由通用字元名稱 '\u30ED' 表示的字元，無法在目前的字碼頁中表示 (950)
C:\Users\nick yang2\source\repos\DLL Injector v2\DLL Injector v2\DLL Injector v2.cpp(154,40): warning C4566: 由通用字元名稱 '\u30BB' 表示的字元，無法在目前的字碼頁中表示 (950)
C:\Users\nick yang2\source\repos\DLL Injector v2\DLL Injector v2\DLL Injector v2.cpp(154,40): warning C4566: 由通用字元名稱 '\u30B9' 表示的字元，無法在目前的字碼頁中表示 (950)
C:\Users\nick yang2\source\repos\DLL Injector v2\DLL Injector v2\DLL Injector v2.cpp(154,40): warning C4566: 由通用字元名稱 '\u304C' 表示的字元，無法在目前的字碼頁中表示 (950)
C:\Users\nick yang2\source\repos\DLL Injector v2\DLL Injector v2\DLL Injector v2.cpp(154,40): warning C4566: 由通用字元名稱 '\u3064' 表示的字元，無法在目前的字碼頁中表示 (950)
C:\Users\nick yang2\source\repos\DLL Injector v2\DLL Injector v2\DLL Injector v2.cpp(154,40): warning C4566: 由通用字元名稱 '\u304B' 表示的字元，無法在目前的字碼頁中表示 (950)
C:\Users\nick yang2\source\repos\DLL Injector v2\DLL Injector v2\DLL Injector v2.cpp(154,40): warning C4566: 由通用字元名稱 '\u308A' 表示的字元，無法在目前的字碼頁中表示 (950)
C:\Users\nick yang2\source\repos\DLL Injector v2\DLL Injector v2\DLL Injector v2.cpp(154,40): warning C4566: 由通用字元名稱 '\u307E' 表示的字元，無法在目前的字碼頁中表示 (950)
C:\Users\nick yang2\source\repos\DLL Injector v2\DLL Injector v2\DLL Injector v2.cpp(154,40): warning C4566: 由通用字元名稱 '\u305B' 表示的字元，無法在目前的字碼頁中表示 (950)
C:\Users\nick yang2\source\repos\DLL Injector v2\DLL Injector v2\DLL Injector v2.cpp(154,40): warning C4566: 由通用字元名稱 '\u3093' 表示的字元，無法在目前的字碼頁中表示 (950)
C:\Users\nick yang2\source\repos\DLL Injector v2\DLL Injector v2\DLL Injector v2.cpp(154,40): warning C4566: 由通用字元名稱 '\u3067' 表示的字元，無法在目前的字碼頁中表示 (950)
C:\Users\nick yang2\source\repos\DLL Injector v2\DLL Injector v2\DLL Injector v2.cpp(154,40): warning C4566: 由通用字元名稱 '\u3057' 表示的字元，無法在目前的字碼頁中表示 (950)
C:\Users\nick yang2\source\repos\DLL Injector v2\DLL Injector v2\DLL Injector v2.cpp(154,40): warning C4566: 由通用字元名稱 '\u305F' 表示的字元，無法在目前的字碼頁中表示 (950)
C:\Users\nick yang2\source\repos\DLL Injector v2\DLL Injector v2\DLL Injector v2.cpp(155,29): warning C4566: 由通用字元名稱 '\u30D5' 表示的字元，無法在目前的字碼頁中表示 (950)
C:\Users\nick yang2\source\repos\DLL Injector v2\DLL Injector v2\DLL Injector v2.cpp(155,29): warning C4566: 由通用字元名稱 '\u30A1' 表示的字元，無法在目前的字碼頁中表示 (950)
C:\Users\nick yang2\source\repos\DLL Injector v2\DLL Injector v2\DLL Injector v2.cpp(155,29): warning C4566: 由通用字元名稱 '\u30A4' 表示的字元，無法在目前的字碼頁中表示 (950)
C:\Users\nick yang2\source\repos\DLL Injector v2\DLL Injector v2\DLL Injector v2.cpp(155,29): warning C4566: 由通用字元名稱 '\u30EB' 表示的字元，無法在目前的字碼頁中表示 (950)
C:\Users\nick yang2\source\repos\DLL Injector v2\DLL Injector v2\DLL Injector v2.cpp(155,29): warning C4566: 由通用字元名稱 '\u3092' 表示的字元，無法在目前的字碼頁中表示 (950)
C:\Users\nick yang2\source\repos\DLL Injector v2\DLL Injector v2\DLL Injector v2.cpp(155,29): warning C4566: 由通用字元名稱 '\u629E' 表示的字元，無法在目前的字碼頁中表示 (950)
C:\Users\nick yang2\source\repos\DLL Injector v2\DLL Injector v2\DLL Injector v2.cpp(155,29): warning C4566: 由通用字元名稱 '\u3057' 表示的字元，無法在目前的字碼頁中表示 (950)
C:\Users\nick yang2\source\repos\DLL Injector v2\DLL Injector v2\DLL Injector v2.cpp(155,29): warning C4566: 由通用字元名稱 '\u3066' 表示的字元，無法在目前的字碼頁中表示 (950)
C:\Users\nick yang2\source\repos\DLL Injector v2\DLL Injector v2\DLL Injector v2.cpp(155,29): warning C4566: 由通用字元名稱 '\u304F' 表示的字元，無法在目前的字碼頁中表示 (950)
C:\Users\nick yang2\source\repos\DLL Injector v2\DLL Injector v2\DLL Injector v2.cpp(155,29): warning C4566: 由通用字元名稱 '\u3060' 表示的字元，無法在目前的字碼頁中表示 (950)
C:\Users\nick yang2\source\repos\DLL Injector v2\DLL Injector v2\DLL Injector v2.cpp(155,29): warning C4566: 由通用字元名稱 '\u3055' 表示的字元，無法在目前的字碼頁中表示 (950)
C:\Users\nick yang2\source\repos\DLL Injector v2\DLL Injector v2\DLL Injector v2.cpp(155,29): warning C4566: 由通用字元名稱 '\u3044' 表示的字元，無法在目前的字碼頁中表示 (950)
C:\Users\nick yang2\source\repos\DLL Injector v2\DLL Injector v2\DLL Injector v2.cpp(156,30): warning C4566: 由通用字元名稱 '\u3092' 表示的字元，無法在目前的字碼頁中表示 (950)
C:\Users\nick yang2\source\repos\DLL Injector v2\DLL Injector v2\DLL Injector v2.cpp(157,35): warning C4566: 由通用字元名稱 '\u306E' 表示的字元，無法在目前的字碼頁中表示 (950)
C:\Users\nick yang2\source\repos\DLL Injector v2\DLL Injector v2\DLL Injector v2.cpp(157,35): warning C4566: 由通用字元名稱 '\u306B' 表示的字元，無法在目前的字碼頁中表示 (950)
C:\Users\nick yang2\source\repos\DLL Injector v2\DLL Injector v2\DLL Injector v2.cpp(157,35): warning C4566: 由通用字元名稱 '\u3057' 表示的字元，無法在目前的字碼頁中表示 (950)
C:\Users\nick yang2\source\repos\DLL Injector v2\DLL Injector v2\DLL Injector v2.cpp(157,35): warning C4566: 由通用字元名稱 '\u307E' 表示的字元，無法在目前的字碼頁中表示 (950)
C:\Users\nick yang2\source\repos\DLL Injector v2\DLL Injector v2\DLL Injector v2.cpp(157,35): warning C4566: 由通用字元名稱 '\u305F' 表示的字元，無法在目前的字碼頁中表示 (950)
C:\Users\nick yang2\source\repos\DLL Injector v2\DLL Injector v2\DLL Injector v2.cpp(158,35): warning C4566: 由通用字元名稱 '\u306E' 表示的字元，無法在目前的字碼頁中表示 (950)
C:\Users\nick yang2\source\repos\DLL Injector v2\DLL Injector v2\DLL Injector v2.cpp(158,35): warning C4566: 由通用字元名稱 '\u306B' 表示的字元，無法在目前的字碼頁中表示 (950)
C:\Users\nick yang2\source\repos\DLL Injector v2\DLL Injector v2\DLL Injector v2.cpp(158,35): warning C4566: 由通用字元名稱 '\u3057' 表示的字元，無法在目前的字碼頁中表示 (950)
C:\Users\nick yang2\source\repos\DLL Injector v2\DLL Injector v2\DLL Injector v2.cpp(158,35): warning C4566: 由通用字元名稱 '\u307E' 表示的字元，無法在目前的字碼頁中表示 (950)
C:\Users\nick yang2\source\repos\DLL Injector v2\DLL Injector v2\DLL Injector v2.cpp(158,35): warning C4566: 由通用字元名稱 '\u305F' 表示的字元，無法在目前的字碼頁中表示 (950)
C:\Users\nick yang2\source\repos\DLL Injector v2\DLL Injector v2\DLL Injector v2.cpp(159,33): warning C4566: 由通用字元名稱 '\u30D5' 表示的字元，無法在目前的字碼頁中表示 (950)
C:\Users\nick yang2\source\repos\DLL Injector v2\DLL Injector v2\DLL Injector v2.cpp(159,33): warning C4566: 由通用字元名稱 '\u30A1' 表示的字元，無法在目前的字碼頁中表示 (950)
C:\Users\nick yang2\source\repos\DLL Injector v2\DLL Injector v2\DLL Injector v2.cpp(159,33): warning C4566: 由通用字元名稱 '\u30A4' 表示的字元，無法在目前的字碼頁中表示 (950)
C:\Users\nick yang2\source\repos\DLL Injector v2\DLL Injector v2\DLL Injector v2.cpp(159,33): warning C4566: 由通用字元名稱 '\u30EB' 表示的字元，無法在目前的字碼頁中表示 (950)
C:\Users\nick yang2\source\repos\DLL Injector v2\DLL Injector v2\DLL Injector v2.cpp(159,33): warning C4566: 由通用字元名稱 '\u304C' 表示的字元，無法在目前的字碼頁中表示 (950)
C:\Users\nick yang2\source\repos\DLL Injector v2\DLL Injector v2\DLL Injector v2.cpp(159,33): warning C4566: 由通用字元名稱 '\u629E' 表示的字元，無法在目前的字碼頁中表示 (950)
C:\Users\nick yang2\source\repos\DLL Injector v2\DLL Injector v2\DLL Injector v2.cpp(159,33): warning C4566: 由通用字元名稱 '\u3055' 表示的字元，無法在目前的字碼頁中表示 (950)
C:\Users\nick yang2\source\repos\DLL Injector v2\DLL Injector v2\DLL Injector v2.cpp(159,33): warning C4566: 由通用字元名稱 '\u308C' 表示的字元，無法在目前的字碼頁中表示 (950)
C:\Users\nick yang2\source\repos\DLL Injector v2\DLL Injector v2\DLL Injector v2.cpp(159,33): warning C4566: 由通用字元名稱 '\u3066' 表示的字元，無法在目前的字碼頁中表示 (950)
C:\Users\nick yang2\source\repos\DLL Injector v2\DLL Injector v2\DLL Injector v2.cpp(159,33): warning C4566: 由通用字元名稱 '\u3044' 表示的字元，無法在目前的字碼頁中表示 (950)
C:\Users\nick yang2\source\repos\DLL Injector v2\DLL Injector v2\DLL Injector v2.cpp(159,33): warning C4566: 由通用字元名稱 '\u307E' 表示的字元，無法在目前的字碼頁中表示 (950)
C:\Users\nick yang2\source\repos\DLL Injector v2\DLL Injector v2\DLL Injector v2.cpp(159,33): warning C4566: 由通用字元名稱 '\u305B' 表示的字元，無法在目前的字碼頁中表示 (950)
C:\Users\nick yang2\source\repos\DLL Injector v2\DLL Injector v2\DLL Injector v2.cpp(159,33): warning C4566: 由通用字元名稱 '\u3093' 表示的字元，無法在目前的字碼頁中表示 (950)
C:\Users\nick yang2\source\repos\DLL Injector v2\DLL Injector v2\DLL Injector v2.cpp(160,20): warning C4566: 由通用字元名稱 '\u629E' 表示的字元，無法在目前的字碼頁中表示 (950)
C:\Users\nick yang2\source\repos\DLL Injector v2\DLL Injector v2\DLL Injector v2.cpp(160,20): warning C4566: 由通用字元名稱 '\u3055' 表示的字元，無法在目前的字碼頁中表示 (950)
C:\Users\nick yang2\source\repos\DLL Injector v2\DLL Injector v2\DLL Injector v2.cpp(160,20): warning C4566: 由通用字元名稱 '\u308C' 表示的字元，無法在目前的字碼頁中表示 (950)
C:\Users\nick yang2\source\repos\DLL Injector v2\DLL Injector v2\DLL Injector v2.cpp(160,20): warning C4566: 由通用字元名稱 '\u305F' 表示的字元，無法在目前的字碼頁中表示 (950)
C:\Users\nick yang2\source\repos\DLL Injector v2\DLL Injector v2\DLL Injector v2.cpp(160,62): warning C4566: 由通用字元名稱 '\u30AA' 表示的字元，無法在目前的字碼頁中表示 (950)
C:\Users\nick yang2\source\repos\DLL Injector v2\DLL Injector v2\DLL Injector v2.cpp(160,62): warning C4566: 由通用字元名稱 '\u30D7' 表示的字元，無法在目前的字碼頁中表示 (950)
C:\Users\nick yang2\source\repos\DLL Injector v2\DLL Injector v2\DLL Injector v2.cpp(160,62): warning C4566: 由通用字元名稱 '\u30B7' 表示的字元，無法在目前的字碼頁中表示 (950)
C:\Users\nick yang2\source\repos\DLL Injector v2\DLL Injector v2\DLL Injector v2.cpp(160,62): warning C4566: 由通用字元名稱 '\u30E7' 表示的字元，無法在目前的字碼頁中表示 (950)
C:\Users\nick yang2\source\repos\DLL Injector v2\DLL Injector v2\DLL Injector v2.cpp(160,62): warning C4566: 由通用字元名稱 '\u30F3' 表示的字元，無法在目前的字碼頁中表示 (950)
C:\Users\nick yang2\source\repos\DLL Injector v2\DLL Injector v2\DLL Injector v2.cpp(160,62): warning C4566: 由通用字元名稱 '\u3092' 表示的字元，無法在目前的字碼頁中表示 (950)
C:\Users\nick yang2\source\repos\DLL Injector v2\DLL Injector v2\DLL Injector v2.cpp(160,62): warning C4566: 由通用字元名稱 '\u629E' 表示的字元，無法在目前的字碼頁中表示 (950)
C:\Users\nick yang2\source\repos\DLL Injector v2\DLL Injector v2\DLL Injector v2.cpp(160,62): warning C4566: 由通用字元名稱 '\u3057' 表示的字元，無法在目前的字碼頁中表示 (950)
C:\Users\nick yang2\source\repos\DLL Injector v2\DLL Injector v2\DLL Injector v2.cpp(160,62): warning C4566: 由通用字元名稱 '\u3066' 表示的字元，無法在目前的字碼頁中表示 (950)
C:\Users\nick yang2\source\repos\DLL Injector v2\DLL Injector v2\DLL Injector v2.cpp(160,62): warning C4566: 由通用字元名稱 '\u304F' 表示的字元，無法在目前的字碼頁中表示 (950)
C:\Users\nick yang2\source\repos\DLL Injector v2\DLL Injector v2\DLL Injector v2.cpp(160,62): warning C4566: 由通用字元名稱 '\u3060' 表示的字元，無法在目前的字碼頁中表示 (950)
C:\Users\nick yang2\source\repos\DLL Injector v2\DLL Injector v2\DLL Injector v2.cpp(160,62): warning C4566: 由通用字元名稱 '\u3055' 表示的字元，無法在目前的字碼頁中表示 (950)
C:\Users\nick yang2\source\repos\DLL Injector v2\DLL Injector v2\DLL Injector v2.cpp(160,62): warning C4566: 由通用字元名稱 '\u3044' 表示的字元，無法在目前的字碼頁中表示 (950)
C:\Users\nick yang2\source\repos\DLL Injector v2\DLL Injector v2\DLL Injector v2.cpp(160,62): warning C4566: 由通用字元名稱 '\u306E' 表示的字元，無法在目前的字碼頁中表示 (950)
C:\Users\nick yang2\source\repos\DLL Injector v2\DLL Injector v2\DLL Injector v2.cpp(160,62): warning C4566: 由通用字元名稱 '\u30A4' 表示的字元，無法在目前的字碼頁中表示 (950)
C:\Users\nick yang2\source\repos\DLL Injector v2\DLL Injector v2\DLL Injector v2.cpp(160,62): warning C4566: 由通用字元名稱 '\u30B8' 表示的字元，無法在目前的字碼頁中表示 (950)
C:\Users\nick yang2\source\repos\DLL Injector v2\DLL Injector v2\DLL Injector v2.cpp(160,62): warning C4566: 由通用字元名稱 '\u30A7' 表示的字元，無法在目前的字碼頁中表示 (950)
C:\Users\nick yang2\source\repos\DLL Injector v2\DLL Injector v2\DLL Injector v2.cpp(160,62): warning C4566: 由通用字元名稱 '\u30AF' 表示的字元，無法在目前的字碼頁中表示 (950)
C:\Users\nick yang2\source\repos\DLL Injector v2\DLL Injector v2\DLL Injector v2.cpp(164,38): warning C4566: 由通用字元名稱 '\uD504' 表示的字元，無法在目前的字碼頁中表示 (950)
C:\Users\nick yang2\source\repos\DLL Injector v2\DLL Injector v2\DLL Injector v2.cpp(164,38): warning C4566: 由通用字元名稱 '\uB85C' 表示的字元，無法在目前的字碼頁中表示 (950)
C:\Users\nick yang2\source\repos\DLL Injector v2\DLL Injector v2\DLL Injector v2.cpp(164,38): warning C4566: 由通用字元名稱 '\uC138' 表示的字元，無法在目前的字碼頁中表示 (950)
C:\Users\nick yang2\source\repos\DLL Injector v2\DLL Injector v2\DLL Injector v2.cpp(164,38): warning C4566: 由通用字元名稱 '\uC2A4' 表示的字元，無法在目前的字碼頁中表示 (950)
C:\Users\nick yang2\source\repos\DLL Injector v2\DLL Injector v2\DLL Injector v2.cpp(164,38): warning C4566: 由通用字元名稱 '\uAC80' 表示的字元，無法在目前的字碼頁中表示 (950)
C:\Users\nick yang2\source\repos\DLL Injector v2\DLL Injector v2\DLL Injector v2.cpp(164,38): warning C4566: 由通用字元名稱 '\uC0C9' 表示的字元，無法在目前的字碼頁中表示 (950)
C:\Users\nick yang2\source\repos\DLL Injector v2\DLL Injector v2\DLL Injector v2.cpp(164,38): warning C4566: 由通用字元名稱 '\uC911' 表示的字元，無法在目前的字碼頁中表示 (950)
C:\Users\nick yang2\source\repos\DLL Injector v2\DLL Injector v2\DLL Injector v2.cpp(165,40): warning C4566: 由通用字元名稱 '\uD504' 表示的字元，無法在目前的字碼頁中表示 (950)
C:\Users\nick yang2\source\repos\DLL Injector v2\DLL Injector v2\DLL Injector v2.cpp(165,40): warning C4566: 由通用字元名稱 '\uB85C' 表示的字元，無法在目前的字碼頁中表示 (950)
C:\Users\nick yang2\source\repos\DLL Injector v2\DLL Injector v2\DLL Injector v2.cpp(165,40): warning C4566: 由通用字元名稱 '\uC138' 表示的字元，無法在目前的字碼頁中表示 (950)
C:\Users\nick yang2\source\repos\DLL Injector v2\DLL Injector v2\DLL Injector v2.cpp(165,40): warning C4566: 由通用字元名稱 '\uC2A4' 表示的字元，無法在目前的字碼頁中表示 (950)
C:\Users\nick yang2\source\repos\DLL Injector v2\DLL Injector v2\DLL Injector v2.cpp(165,40): warning C4566: 由通用字元名稱 '\uB97C' 表示的字元，無法在目前的字碼頁中表示 (950)
C:\Users\nick yang2\source\repos\DLL Injector v2\DLL Injector v2\DLL Injector v2.cpp(165,40): warning C4566: 由通用字元名稱 '\uCC3E' 表示的字元，無法在目前的字碼頁中表示 (950)
C:\Users\nick yang2\source\repos\DLL Injector v2\DLL Injector v2\DLL Injector v2.cpp(165,40): warning C4566: 由通用字元名稱 '\uC744' 表示的字元，無法在目前的字碼頁中表示 (950)
C:\Users\nick yang2\source\repos\DLL Injector v2\DLL Injector v2\DLL Injector v2.cpp(165,40): warning C4566: 由通用字元名稱 '\uC218' 表示的字元，無法在目前的字碼頁中表示 (950)
C:\Users\nick yang2\source\repos\DLL Injector v2\DLL Injector v2\DLL Injector v2.cpp(165,40): warning C4566: 由通用字元名稱 '\uC5C6' 表示的字元，無法在目前的字碼頁中表示 (950)
C:\Users\nick yang2\source\repos\DLL Injector v2\DLL Injector v2\DLL Injector v2.cpp(165,40): warning C4566: 由通用字元名稱 '\uC2B5' 表示的字元，無法在目前的字碼頁中表示 (950)
C:\Users\nick yang2\source\repos\DLL Injector v2\DLL Injector v2\DLL Injector v2.cpp(165,40): warning C4566: 由通用字元名稱 '\uB2C8' 表示的字元，無法在目前的字碼頁中表示 (950)
C:\Users\nick yang2\source\repos\DLL Injector v2\DLL Injector v2\DLL Injector v2.cpp(165,40): warning C4566: 由通用字元名稱 '\uB2E4' 表示的字元，無法在目前的字碼頁中表示 (950)
C:\Users\nick yang2\source\repos\DLL Injector v2\DLL Injector v2\DLL Injector v2.cpp(166,29): warning C4566: 由通用字元名稱 '\uD30C' 表示的字元，無法在目前的字碼頁中表示 (950)
C:\Users\nick yang2\source\repos\DLL Injector v2\DLL Injector v2\DLL Injector v2.cpp(166,29): warning C4566: 由通用字元名稱 '\uC77C' 表示的字元，無法在目前的字碼頁中表示 (950)
C:\Users\nick yang2\source\repos\DLL Injector v2\DLL Injector v2\DLL Injector v2.cpp(166,29): warning C4566: 由通用字元名稱 '\uC120' 表示的字元，無法在目前的字碼頁中表示 (950)
C:\Users\nick yang2\source\repos\DLL Injector v2\DLL Injector v2\DLL Injector v2.cpp(166,29): warning C4566: 由通用字元名稱 '\uD0DD' 表示的字元，無法在目前的字碼頁中表示 (950)
C:\Users\nick yang2\source\repos\DLL Injector v2\DLL Injector v2\DLL Injector v2.cpp(167,30): warning C4566: 由通用字元名稱 '\uC8FC' 表示的字元，無法在目前的字碼頁中表示 (950)
C:\Users\nick yang2\source\repos\DLL Injector v2\DLL Injector v2\DLL Injector v2.cpp(167,30): warning C4566: 由通用字元名稱 '\uC785' 表示的字元，無法在目前的字碼頁中表示 (950)
C:\Users\nick yang2\source\repos\DLL Injector v2\DLL Injector v2\DLL Injector v2.cpp(167,30): warning C4566: 由通用字元名稱 '\uC2DC' 表示的字元，無法在目前的字碼頁中表示 (950)
C:\Users\nick yang2\source\repos\DLL Injector v2\DLL Injector v2\DLL Injector v2.cpp(167,30): warning C4566: 由通用字元名稱 '\uB3C4' 表示的字元，無法在目前的字碼頁中表示 (950)
C:\Users\nick yang2\source\repos\DLL Injector v2\DLL Injector v2\DLL Injector v2.cpp(167,30): warning C4566: 由通用字元名稱 '\uC911' 表示的字元，無法在目前的字碼頁中表示 (950)
C:\Users\nick yang2\source\repos\DLL Injector v2\DLL Injector v2\DLL Injector v2.cpp(168,35): warning C4566: 由通用字元名稱 '\uC8FC' 表示的字元，無法在目前的字碼頁中表示 (950)
C:\Users\nick yang2\source\repos\DLL Injector v2\DLL Injector v2\DLL Injector v2.cpp(168,35): warning C4566: 由通用字元名稱 '\uC785' 表示的字元，無法在目前的字碼頁中表示 (950)
C:\Users\nick yang2\source\repos\DLL Injector v2\DLL Injector v2\DLL Injector v2.cpp(168,35): warning C4566: 由通用字元名稱 '\uC131' 表示的字元，無法在目前的字碼頁中表示 (950)
C:\Users\nick yang2\source\repos\DLL Injector v2\DLL Injector v2\DLL Injector v2.cpp(168,35): warning C4566: 由通用字元名稱 '\uACF5' 表示的字元，無法在目前的字碼頁中表示 (950)
C:\Users\nick yang2\source\repos\DLL Injector v2\DLL Injector v2\DLL Injector v2.cpp(169,35): warning C4566: 由通用字元名稱 '\uC8FC' 表示的字元，無法在目前的字碼頁中表示 (950)
C:\Users\nick yang2\source\repos\DLL Injector v2\DLL Injector v2\DLL Injector v2.cpp(169,35): warning C4566: 由通用字元名稱 '\uC785' 表示的字元，無法在目前的字碼頁中表示 (950)
C:\Users\nick yang2\source\repos\DLL Injector v2\DLL Injector v2\DLL Injector v2.cpp(169,35): warning C4566: 由通用字元名稱 '\uC2E4' 表示的字元，無法在目前的字碼頁中表示 (950)
C:\Users\nick yang2\source\repos\DLL Injector v2\DLL Injector v2\DLL Injector v2.cpp(169,35): warning C4566: 由通用字元名稱 '\uD328' 表示的字元，無法在目前的字碼頁中表示 (950)
C:\Users\nick yang2\source\repos\DLL Injector v2\DLL Injector v2\DLL Injector v2.cpp(170,33): warning C4566: 由通用字元名稱 '\uD30C' 表示的字元，無法在目前的字碼頁中表示 (950)
C:\Users\nick yang2\source\repos\DLL Injector v2\DLL Injector v2\DLL Injector v2.cpp(170,33): warning C4566: 由通用字元名稱 '\uC77C' 表示的字元，無法在目前的字碼頁中表示 (950)
C:\Users\nick yang2\source\repos\DLL Injector v2\DLL Injector v2\DLL Injector v2.cpp(170,33): warning C4566: 由通用字元名稱 '\uC774' 表示的字元，無法在目前的字碼頁中表示 (950)
C:\Users\nick yang2\source\repos\DLL Injector v2\DLL Injector v2\DLL Injector v2.cpp(170,33): warning C4566: 由通用字元名稱 '\uC120' 表示的字元，無法在目前的字碼頁中表示 (950)
C:\Users\nick yang2\source\repos\DLL Injector v2\DLL Injector v2\DLL Injector v2.cpp(170,33): warning C4566: 由通用字元名稱 '\uD0DD' 表示的字元，無法在目前的字碼頁中表示 (950)
C:\Users\nick yang2\source\repos\DLL Injector v2\DLL Injector v2\DLL Injector v2.cpp(170,33): warning C4566: 由通用字元名稱 '\uB418' 表示的字元，無法在目前的字碼頁中表示 (950)
C:\Users\nick yang2\source\repos\DLL Injector v2\DLL Injector v2\DLL Injector v2.cpp(170,33): warning C4566: 由通用字元名稱 '\uC9C0' 表示的字元，無法在目前的字碼頁中表示 (950)
C:\Users\nick yang2\source\repos\DLL Injector v2\DLL Injector v2\DLL Injector v2.cpp(170,33): warning C4566: 由通用字元名稱 '\uC54A' 表示的字元，無法在目前的字碼頁中表示 (950)
C:\Users\nick yang2\source\repos\DLL Injector v2\DLL Injector v2\DLL Injector v2.cpp(170,33): warning C4566: 由通用字元名稱 '\uC558' 表示的字元，無法在目前的字碼頁中表示 (950)
C:\Users\nick yang2\source\repos\DLL Injector v2\DLL Injector v2\DLL Injector v2.cpp(170,33): warning C4566: 由通用字元名稱 '\uC2B5' 表示的字元，無法在目前的字碼頁中表示 (950)
C:\Users\nick yang2\source\repos\DLL Injector v2\DLL Injector v2\DLL Injector v2.cpp(170,33): warning C4566: 由通用字元名稱 '\uB2C8' 表示的字元，無法在目前的字碼頁中表示 (950)
C:\Users\nick yang2\source\repos\DLL Injector v2\DLL Injector v2\DLL Injector v2.cpp(170,33): warning C4566: 由通用字元名稱 '\uB2E4' 表示的字元，無法在目前的字碼頁中表示 (950)
C:\Users\nick yang2\source\repos\DLL Injector v2\DLL Injector v2\DLL Injector v2.cpp(171,20): warning C4566: 由通用字元名稱 '\uC120' 表示的字元，無法在目前的字碼頁中表示 (950)
C:\Users\nick yang2\source\repos\DLL Injector v2\DLL Injector v2\DLL Injector v2.cpp(171,20): warning C4566: 由通用字元名稱 '\uD0DD' 表示的字元，無法在目前的字碼頁中表示 (950)
C:\Users\nick yang2\source\repos\DLL Injector v2\DLL Injector v2\DLL Injector v2.cpp(171,20): warning C4566: 由通用字元名稱 '\uD55C' 表示的字元，無法在目前的字碼頁中表示 (950)
C:\Users\nick yang2\source\repos\DLL Injector v2\DLL Injector v2\DLL Injector v2.cpp(171,20): warning C4566: 由通用字元名稱 '\uC5B8' 表示的字元，無法在目前的字碼頁中表示 (950)
C:\Users\nick yang2\source\repos\DLL Injector v2\DLL Injector v2\DLL Injector v2.cpp(171,20): warning C4566: 由通用字元名稱 '\uC5B4' 表示的字元，無法在目前的字碼頁中表示 (950)
C:\Users\nick yang2\source\repos\DLL Injector v2\DLL Injector v2\DLL Injector v2.cpp(171,56): warning C4566: 由通用字元名稱 '\uC635' 表示的字元，無法在目前的字碼頁中表示 (950)
C:\Users\nick yang2\source\repos\DLL Injector v2\DLL Injector v2\DLL Injector v2.cpp(171,56): warning C4566: 由通用字元名稱 '\uC158' 表示的字元，無法在目前的字碼頁中表示 (950)
C:\Users\nick yang2\source\repos\DLL Injector v2\DLL Injector v2\DLL Injector v2.cpp(171,56): warning C4566: 由通用字元名稱 '\uC744' 表示的字元，無法在目前的字碼頁中表示 (950)
C:\Users\nick yang2\source\repos\DLL Injector v2\DLL Injector v2\DLL Injector v2.cpp(171,56): warning C4566: 由通用字元名稱 '\uC120' 表示的字元，無法在目前的字碼頁中表示 (950)
C:\Users\nick yang2\source\repos\DLL Injector v2\DLL Injector v2\DLL Injector v2.cpp(171,56): warning C4566: 由通用字元名稱 '\uD0DD' 表示的字元，無法在目前的字碼頁中表示 (950)
C:\Users\nick yang2\source\repos\DLL Injector v2\DLL Injector v2\DLL Injector v2.cpp(171,56): warning C4566: 由通用字元名稱 '\uD558' 表示的字元，無法在目前的字碼頁中表示 (950)
C:\Users\nick yang2\source\repos\DLL Injector v2\DLL Injector v2\DLL Injector v2.cpp(171,56): warning C4566: 由通用字元名稱 '\uC138' 表示的字元，無法在目前的字碼頁中表示 (950)
C:\Users\nick yang2\source\repos\DLL Injector v2\DLL Injector v2\DLL Injector v2.cpp(171,56): warning C4566: 由通用字元名稱 '\uC694' 表示的字元，無法在目前的字碼頁中表示 (950)
C:\Users\nick yang2\source\repos\DLL Injector v2\DLL Injector v2\DLL Injector v2.cpp(171,56): warning C4566: 由通用字元名稱 '\uC0BD' 表示的字元，無法在目前的字碼頁中表示 (950)
C:\Users\nick yang2\source\repos\DLL Injector v2\DLL Injector v2\DLL Injector v2.cpp(171,56): warning C4566: 由通用字元名稱 '\uC785' 表示的字元，無法在目前的字碼頁中表示 (950)
C:\Users\nick yang2\source\repos\DLL Injector v2\DLL Injector v2\DLL Injector v2.cpp(171,56): warning C4566: 由通用字元名稱 '\uC5B8' 表示的字元，無法在目前的字碼頁中表示 (950)
C:\Users\nick yang2\source\repos\DLL Injector v2\DLL Injector v2\DLL Injector v2.cpp(171,56): warning C4566: 由通用字元名稱 '\uC5B4' 表示的字元，無法在目前的字碼頁中表示 (950)
C:\Users\nick yang2\source\repos\DLL Injector v2\DLL Injector v2\DLL Injector v2.cpp(171,56): warning C4566: 由通用字元名稱 '\uC885' 表示的字元，無法在目前的字碼頁中表示 (950)
C:\Users\nick yang2\source\repos\DLL Injector v2\DLL Injector v2\DLL Injector v2.cpp(171,56): warning C4566: 由通用字元名稱 '\uB8CC' 表示的字元，無法在目前的字碼頁中表示 (950)
C:\Users\nick yang2\source\repos\DLL Injector v2\DLL Injector v2\DLL Injector v2.cpp(186,38): warning C4566: 由通用字元名稱 '\u5BFB' 表示的字元，無法在目前的字碼頁中表示 (950)
C:\Users\nick yang2\source\repos\DLL Injector v2\DLL Injector v2\DLL Injector v2.cpp(186,38): warning C4566: 由通用字元名稱 '\u8FDB' 表示的字元，無法在目前的字碼頁中表示 (950)
C:\Users\nick yang2\source\repos\DLL Injector v2\DLL Injector v2\DLL Injector v2.cpp(187,40): warning C4566: 由通用字元名稱 '\u8FDB' 表示的字元，無法在目前的字碼頁中表示 (950)
C:\Users\nick yang2\source\repos\DLL Injector v2\DLL Injector v2\DLL Injector v2.cpp(188,29): warning C4566: 由通用字元名稱 '\u9009' 表示的字元，無法在目前的字碼頁中表示 (950)
C:\Users\nick yang2\source\repos\DLL Injector v2\DLL Injector v2\DLL Injector v2.cpp(189,30): warning C4566: 由通用字元名稱 '\u5C1D' 表示的字元，無法在目前的字碼頁中表示 (950)
C:\Users\nick yang2\source\repos\DLL Injector v2\DLL Injector v2\DLL Injector v2.cpp(189,30): warning C4566: 由通用字元名稱 '\u8BD5' 表示的字元，無法在目前的字碼頁中表示 (950)
C:\Users\nick yang2\source\repos\DLL Injector v2\DLL Injector v2\DLL Injector v2.cpp(191,35): warning C4566: 由通用字元名稱 '\u8D25' 表示的字元，無法在目前的字碼頁中表示 (950)
C:\Users\nick yang2\source\repos\DLL Injector v2\DLL Injector v2\DLL Injector v2.cpp(192,33): warning C4566: 由通用字元名稱 '\u9009' 表示的字元，無法在目前的字碼頁中表示 (950)
C:\Users\nick yang2\source\repos\DLL Injector v2\DLL Injector v2\DLL Injector v2.cpp(192,33): warning C4566: 由通用字元名稱 '\u62E9' 表示的字元，無法在目前的字碼頁中表示 (950)
C:\Users\nick yang2\source\repos\DLL Injector v2\DLL Injector v2\DLL Injector v2.cpp(193,20): warning C4566: 由通用字元名稱 '\u9009' 表示的字元，無法在目前的字碼頁中表示 (950)
C:\Users\nick yang2\source\repos\DLL Injector v2\DLL Injector v2\DLL Injector v2.cpp(193,20): warning C4566: 由通用字元名稱 '\u8BED' 表示的字元，無法在目前的字碼頁中表示 (950)
C:\Users\nick yang2\source\repos\DLL Injector v2\DLL Injector v2\DLL Injector v2.cpp(193,56): warning C4566: 由通用字元名稱 '\u9009' 表示的字元，無法在目前的字碼頁中表示 (950)
C:\Users\nick yang2\source\repos\DLL Injector v2\DLL Injector v2\DLL Injector v2.cpp(193,56): warning C4566: 由通用字元名稱 '\u62E9' 表示的字元，無法在目前的字碼頁中表示 (950)
C:\Users\nick yang2\source\repos\DLL Injector v2\DLL Injector v2\DLL Injector v2.cpp(193,56): warning C4566: 由通用字元名稱 '\u4E2A' 表示的字元，無法在目前的字碼頁中表示 (950)
C:\Users\nick yang2\source\repos\DLL Injector v2\DLL Injector v2\DLL Injector v2.cpp(193,56): warning C4566: 由通用字元名稱 '\u9879' 表示的字元，無法在目前的字碼頁中表示 (950)
C:\Users\nick yang2\source\repos\DLL Injector v2\DLL Injector v2\DLL Injector v2.cpp(193,56): warning C4566: 由通用字元名稱 '\u8BED' 表示的字元，無法在目前的字碼頁中表示 (950)
C:\Users\nick yang2\source\repos\DLL Injector v2\DLL Injector v2\DLL Injector v2.cpp(307,46): warning C4566: 由通用字元名稱 '\u30D7' 表示的字元，無法在目前的字碼頁中表示 (950)
C:\Users\nick yang2\source\repos\DLL Injector v2\DLL Injector v2\DLL Injector v2.cpp(307,46): warning C4566: 由通用字元名稱 '\u30ED' 表示的字元，無法在目前的字碼頁中表示 (950)
C:\Users\nick yang2\source\repos\DLL Injector v2\DLL Injector v2\DLL Injector v2.cpp(307,46): warning C4566: 由通用字元名稱 '\u30BB' 表示的字元，無法在目前的字碼頁中表示 (950)
C:\Users\nick yang2\source\repos\DLL Injector v2\DLL Injector v2\DLL Injector v2.cpp(307,46): warning C4566: 由通用字元名稱 '\u30B9' 表示的字元，無法在目前的字碼頁中表示 (950)
C:\Users\nick yang2\source\repos\DLL Injector v2\DLL Injector v2\DLL Injector v2.cpp(307,46): warning C4566: 由通用字元名稱 '\u3092' 表示的字元，無法在目前的字碼頁中表示 (950)
C:\Users\nick yang2\source\repos\DLL Injector v2\DLL Injector v2\DLL Injector v2.cpp(307,46): warning C4566: 由通用字元名稱 '\u691C' 表示的字元，無法在目前的字碼頁中表示 (950)
C:\Users\nick yang2\source\repos\DLL Injector v2\DLL Injector v2\DLL Injector v2.cpp(308,48): warning C4566: 由通用字元名稱 '\u30D7' 表示的字元，無法在目前的字碼頁中表示 (950)
C:\Users\nick yang2\source\repos\DLL Injector v2\DLL Injector v2\DLL Injector v2.cpp(308,48): warning C4566: 由通用字元名稱 '\u30ED' 表示的字元，無法在目前的字碼頁中表示 (950)
C:\Users\nick yang2\source\repos\DLL Injector v2\DLL Injector v2\DLL Injector v2.cpp(308,48): warning C4566: 由通用字元名稱 '\u30BB' 表示的字元，無法在目前的字碼頁中表示 (950)
C:\Users\nick yang2\source\repos\DLL Injector v2\DLL Injector v2\DLL Injector v2.cpp(308,48): warning C4566: 由通用字元名稱 '\u30B9' 表示的字元，無法在目前的字碼頁中表示 (950)
C:\Users\nick yang2\source\repos\DLL Injector v2\DLL Injector v2\DLL Injector v2.cpp(308,48): warning C4566: 由通用字元名稱 '\u304C' 表示的字元，無法在目前的字碼頁中表示 (950)
C:\Users\nick yang2\source\repos\DLL Injector v2\DLL Injector v2\DLL Injector v2.cpp(308,48): warning C4566: 由通用字元名稱 '\u3064' 表示的字元，無法在目前的字碼頁中表示 (950)
C:\Users\nick yang2\source\repos\DLL Injector v2\DLL Injector v2\DLL Injector v2.cpp(308,48): warning C4566: 由通用字元名稱 '\u304B' 表示的字元，無法在目前的字碼頁中表示 (950)
C:\Users\nick yang2\source\repos\DLL Injector v2\DLL Injector v2\DLL Injector v2.cpp(308,48): warning C4566: 由通用字元名稱 '\u308A' 表示的字元，無法在目前的字碼頁中表示 (950)
C:\Users\nick yang2\source\repos\DLL Injector v2\DLL Injector v2\DLL Injector v2.cpp(308,48): warning C4566: 由通用字元名稱 '\u307E' 表示的字元，無法在目前的字碼頁中表示 (950)
C:\Users\nick yang2\source\repos\DLL Injector v2\DLL Injector v2\DLL Injector v2.cpp(308,48): warning C4566: 由通用字元名稱 '\u305B' 表示的字元，無法在目前的字碼頁中表示 (950)
C:\Users\nick yang2\source\repos\DLL Injector v2\DLL Injector v2\DLL Injector v2.cpp(308,48): warning C4566: 由通用字元名稱 '\u3093' 表示的字元，無法在目前的字碼頁中表示 (950)
C:\Users\nick yang2\source\repos\DLL Injector v2\DLL Injector v2\DLL Injector v2.cpp(308,48): warning C4566: 由通用字元名稱 '\u3067' 表示的字元，無法在目前的字碼頁中表示 (950)
C:\Users\nick yang2\source\repos\DLL Injector v2\DLL Injector v2\DLL Injector v2.cpp(308,48): warning C4566: 由通用字元名稱 '\u3057' 表示的字元，無法在目前的字碼頁中表示 (950)
C:\Users\nick yang2\source\repos\DLL Injector v2\DLL Injector v2\DLL Injector v2.cpp(308,48): warning C4566: 由通用字元名稱 '\u305F' 表示的字元，無法在目前的字碼頁中表示 (950)
C:\Users\nick yang2\source\repos\DLL Injector v2\DLL Injector v2\DLL Injector v2.cpp(309,37): warning C4566: 由通用字元名稱 '\u30D5' 表示的字元，無法在目前的字碼頁中表示 (950)
C:\Users\nick yang2\source\repos\DLL Injector v2\DLL Injector v2\DLL Injector v2.cpp(309,37): warning C4566: 由通用字元名稱 '\u30A1' 表示的字元，無法在目前的字碼頁中表示 (950)
C:\Users\nick yang2\source\repos\DLL Injector v2\DLL Injector v2\DLL Injector v2.cpp(309,37): warning C4566: 由通用字元名稱 '\u30A4' 表示的字元，無法在目前的字碼頁中表示 (950)
C:\Users\nick yang2\source\repos\DLL Injector v2\DLL Injector v2\DLL Injector v2.cpp(309,37): warning C4566: 由通用字元名稱 '\u30EB' 表示的字元，無法在目前的字碼頁中表示 (950)
C:\Users\nick yang2\source\repos\DLL Injector v2\DLL Injector v2\DLL Injector v2.cpp(309,37): warning C4566: 由通用字元名稱 '\u3092' 表示的字元，無法在目前的字碼頁中表示 (950)
C:\Users\nick yang2\source\repos\DLL Injector v2\DLL Injector v2\DLL Injector v2.cpp(309,37): warning C4566: 由通用字元名稱 '\u629E' 表示的字元，無法在目前的字碼頁中表示 (950)
C:\Users\nick yang2\source\repos\DLL Injector v2\DLL Injector v2\DLL Injector v2.cpp(309,37): warning C4566: 由通用字元名稱 '\u3057' 表示的字元，無法在目前的字碼頁中表示 (950)
C:\Users\nick yang2\source\repos\DLL Injector v2\DLL Injector v2\DLL Injector v2.cpp(309,37): warning C4566: 由通用字元名稱 '\u3066' 表示的字元，無法在目前的字碼頁中表示 (950)
C:\Users\nick yang2\source\repos\DLL Injector v2\DLL Injector v2\DLL Injector v2.cpp(309,37): warning C4566: 由通用字元名稱 '\u304F' 表示的字元，無法在目前的字碼頁中表示 (950)
C:\Users\nick yang2\source\repos\DLL Injector v2\DLL Injector v2\DLL Injector v2.cpp(309,37): warning C4566: 由通用字元名稱 '\u3060' 表示的字元，無法在目前的字碼頁中表示 (950)
C:\Users\nick yang2\source\repos\DLL Injector v2\DLL Injector v2\DLL Injector v2.cpp(309,37): warning C4566: 由通用字元名稱 '\u3055' 表示的字元，無法在目前的字碼頁中表示 (950)
C:\Users\nick yang2\source\repos\DLL Injector v2\DLL Injector v2\DLL Injector v2.cpp(309,37): warning C4566: 由通用字元名稱 '\u3044' 表示的字元，無法在目前的字碼頁中表示 (950)
C:\Users\nick yang2\source\repos\DLL Injector v2\DLL Injector v2\DLL Injector v2.cpp(310,38): warning C4566: 由通用字元名稱 '\u3092' 表示的字元，無法在目前的字碼頁中表示 (950)
C:\Users\nick yang2\source\repos\DLL Injector v2\DLL Injector v2\DLL Injector v2.cpp(311,43): warning C4566: 由通用字元名稱 '\u306E' 表示的字元，無法在目前的字碼頁中表示 (950)
C:\Users\nick yang2\source\repos\DLL Injector v2\DLL Injector v2\DLL Injector v2.cpp(311,43): warning C4566: 由通用字元名稱 '\u306B' 表示的字元，無法在目前的字碼頁中表示 (950)
C:\Users\nick yang2\source\repos\DLL Injector v2\DLL Injector v2\DLL Injector v2.cpp(311,43): warning C4566: 由通用字元名稱 '\u3057' 表示的字元，無法在目前的字碼頁中表示 (950)
C:\Users\nick yang2\source\repos\DLL Injector v2\DLL Injector v2\DLL Injector v2.cpp(311,43): warning C4566: 由通用字元名稱 '\u307E' 表示的字元，無法在目前的字碼頁中表示 (950)
C:\Users\nick yang2\source\repos\DLL Injector v2\DLL Injector v2\DLL Injector v2.cpp(311,43): warning C4566: 由通用字元名稱 '\u305F' 表示的字元，無法在目前的字碼頁中表示 (950)
C:\Users\nick yang2\source\repos\DLL Injector v2\DLL Injector v2\DLL Injector v2.cpp(312,43): warning C4566: 由通用字元名稱 '\u306E' 表示的字元，無法在目前的字碼頁中表示 (950)
C:\Users\nick yang2\source\repos\DLL Injector v2\DLL Injector v2\DLL Injector v2.cpp(312,43): warning C4566: 由通用字元名稱 '\u306B' 表示的字元，無法在目前的字碼頁中表示 (950)
C:\Users\nick yang2\source\repos\DLL Injector v2\DLL Injector v2\DLL Injector v2.cpp(312,43): warning C4566: 由通用字元名稱 '\u3057' 表示的字元，無法在目前的字碼頁中表示 (950)
C:\Users\nick yang2\source\repos\DLL Injector v2\DLL Injector v2\DLL Injector v2.cpp(312,43): warning C4566: 由通用字元名稱 '\u307E' 表示的字元，無法在目前的字碼頁中表示 (950)
C:\Users\nick yang2\source\repos\DLL Injector v2\DLL Injector v2\DLL Injector v2.cpp(312,43): warning C4566: 由通用字元名稱 '\u305F' 表示的字元，無法在目前的字碼頁中表示 (950)
C:\Users\nick yang2\source\repos\DLL Injector v2\DLL Injector v2\DLL Injector v2.cpp(313,41): warning C4566: 由通用字元名稱 '\u30D5' 表示的字元，無法在目前的字碼頁中表示 (950)
C:\Users\nick yang2\source\repos\DLL Injector v2\DLL Injector v2\DLL Injector v2.cpp(313,41): warning C4566: 由通用字元名稱 '\u30A1' 表示的字元，無法在目前的字碼頁中表示 (950)
C:\Users\nick yang2\source\repos\DLL Injector v2\DLL Injector v2\DLL Injector v2.cpp(313,41): warning C4566: 由通用字元名稱 '\u30A4' 表示的字元，無法在目前的字碼頁中表示 (950)
C:\Users\nick yang2\source\repos\DLL Injector v2\DLL Injector v2\DLL Injector v2.cpp(313,41): warning C4566: 由通用字元名稱 '\u30EB' 表示的字元，無法在目前的字碼頁中表示 (950)
C:\Users\nick yang2\source\repos\DLL Injector v2\DLL Injector v2\DLL Injector v2.cpp(313,41): warning C4566: 由通用字元名稱 '\u304C' 表示的字元，無法在目前的字碼頁中表示 (950)
C:\Users\nick yang2\source\repos\DLL Injector v2\DLL Injector v2\DLL Injector v2.cpp(313,41): warning C4566: 由通用字元名稱 '\u629E' 表示的字元，無法在目前的字碼頁中表示 (950)
C:\Users\nick yang2\source\repos\DLL Injector v2\DLL Injector v2\DLL Injector v2.cpp(313,41): warning C4566: 由通用字元名稱 '\u3055' 表示的字元，無法在目前的字碼頁中表示 (950)
C:\Users\nick yang2\source\repos\DLL Injector v2\DLL Injector v2\DLL Injector v2.cpp(313,41): warning C4566: 由通用字元名稱 '\u308C' 表示的字元，無法在目前的字碼頁中表示 (950)
C:\Users\nick yang2\source\repos\DLL Injector v2\DLL Injector v2\DLL Injector v2.cpp(313,41): warning C4566: 由通用字元名稱 '\u3066' 表示的字元，無法在目前的字碼頁中表示 (950)
C:\Users\nick yang2\source\repos\DLL Injector v2\DLL Injector v2\DLL Injector v2.cpp(313,41): warning C4566: 由通用字元名稱 '\u3044' 表示的字元，無法在目前的字碼頁中表示 (950)
C:\Users\nick yang2\source\repos\DLL Injector v2\DLL Injector v2\DLL Injector v2.cpp(313,41): warning C4566: 由通用字元名稱 '\u307E' 表示的字元，無法在目前的字碼頁中表示 (950)
C:\Users\nick yang2\source\repos\DLL Injector v2\DLL Injector v2\DLL Injector v2.cpp(313,41): warning C4566: 由通用字元名稱 '\u305B' 表示的字元，無法在目前的字碼頁中表示 (950)
C:\Users\nick yang2\source\repos\DLL Injector v2\DLL Injector v2\DLL Injector v2.cpp(313,41): warning C4566: 由通用字元名稱 '\u3093' 表示的字元，無法在目前的字碼頁中表示 (950)
C:\Users\nick yang2\source\repos\DLL Injector v2\DLL Injector v2\DLL Injector v2.cpp(314,28): warning C4566: 由通用字元名稱 '\u629E' 表示的字元，無法在目前的字碼頁中表示 (950)
C:\Users\nick yang2\source\repos\DLL Injector v2\DLL Injector v2\DLL Injector v2.cpp(314,28): warning C4566: 由通用字元名稱 '\u3055' 表示的字元，無法在目前的字碼頁中表示 (950)
C:\Users\nick yang2\source\repos\DLL Injector v2\DLL Injector v2\DLL Injector v2.cpp(314,28): warning C4566: 由通用字元名稱 '\u308C' 表示的字元，無法在目前的字碼頁中表示 (950)
C:\Users\nick yang2\source\repos\DLL Injector v2\DLL Injector v2\DLL Injector v2.cpp(314,28): warning C4566: 由通用字元名稱 '\u305F' 表示的字元，無法在目前的字碼頁中表示 (950)
C:\Users\nick yang2\source\repos\DLL Injector v2\DLL Injector v2\DLL Injector v2.cpp(314,68): warning C4566: 由通用字元名稱 '\u30AA' 表示的字元，無法在目前的字碼頁中表示 (950)
C:\Users\nick yang2\source\repos\DLL Injector v2\DLL Injector v2\DLL Injector v2.cpp(314,68): warning C4566: 由通用字元名稱 '\u30D7' 表示的字元，無法在目前的字碼頁中表示 (950)
C:\Users\nick yang2\source\repos\DLL Injector v2\DLL Injector v2\DLL Injector v2.cpp(314,68): warning C4566: 由通用字元名稱 '\u30B7' 表示的字元，無法在目前的字碼頁中表示 (950)
C:\Users\nick yang2\source\repos\DLL Injector v2\DLL Injector v2\DLL Injector v2.cpp(314,68): warning C4566: 由通用字元名稱 '\u30E7' 表示的字元，無法在目前的字碼頁中表示 (950)
C:\Users\nick yang2\source\repos\DLL Injector v2\DLL Injector v2\DLL Injector v2.cpp(314,68): warning C4566: 由通用字元名稱 '\u30F3' 表示的字元，無法在目前的字碼頁中表示 (950)
C:\Users\nick yang2\source\repos\DLL Injector v2\DLL Injector v2\DLL Injector v2.cpp(314,68): warning C4566: 由通用字元名稱 '\u3092' 表示的字元，無法在目前的字碼頁中表示 (950)
C:\Users\nick yang2\source\repos\DLL Injector v2\DLL Injector v2\DLL Injector v2.cpp(314,68): warning C4566: 由通用字元名稱 '\u629E' 表示的字元，無法在目前的字碼頁中表示 (950)
C:\Users\nick yang2\source\repos\DLL Injector v2\DLL Injector v2\DLL Injector v2.cpp(314,68): warning C4566: 由通用字元名稱 '\u3057' 表示的字元，無法在目前的字碼頁中表示 (950)
C:\Users\nick yang2\source\repos\DLL Injector v2\DLL Injector v2\DLL Injector v2.cpp(314,68): warning C4566: 由通用字元名稱 '\u3066' 表示的字元，無法在目前的字碼頁中表示 (950)
C:\Users\nick yang2\source\repos\DLL Injector v2\DLL Injector v2\DLL Injector v2.cpp(314,68): warning C4566: 由通用字元名稱 '\u304F' 表示的字元，無法在目前的字碼頁中表示 (950)
C:\Users\nick yang2\source\repos\DLL Injector v2\DLL Injector v2\DLL Injector v2.cpp(314,68): warning C4566: 由通用字元名稱 '\u3060' 表示的字元，無法在目前的字碼頁中表示 (950)
C:\Users\nick yang2\source\repos\DLL Injector v2\DLL Injector v2\DLL Injector v2.cpp(314,68): warning C4566: 由通用字元名稱 '\u3055' 表示的字元，無法在目前的字碼頁中表示 (950)
C:\Users\nick yang2\source\repos\DLL Injector v2\DLL Injector v2\DLL Injector v2.cpp(314,68): warning C4566: 由通用字元名稱 '\u3044' 表示的字元，無法在目前的字碼頁中表示 (950)
C:\Users\nick yang2\source\repos\DLL Injector v2\DLL Injector v2\DLL Injector v2.cpp(314,68): warning C4566: 由通用字元名稱 '\u306E' 表示的字元，無法在目前的字碼頁中表示 (950)
C:\Users\nick yang2\source\repos\DLL Injector v2\DLL Injector v2\DLL Injector v2.cpp(314,68): warning C4566: 由通用字元名稱 '\u30A4' 表示的字元，無法在目前的字碼頁中表示 (950)
C:\Users\nick yang2\source\repos\DLL Injector v2\DLL Injector v2\DLL Injector v2.cpp(314,68): warning C4566: 由通用字元名稱 '\u30B8' 表示的字元，無法在目前的字碼頁中表示 (950)
C:\Users\nick yang2\source\repos\DLL Injector v2\DLL Injector v2\DLL Injector v2.cpp(314,68): warning C4566: 由通用字元名稱 '\u30A7' 表示的字元，無法在目前的字碼頁中表示 (950)
C:\Users\nick yang2\source\repos\DLL Injector v2\DLL Injector v2\DLL Injector v2.cpp(314,68): warning C4566: 由通用字元名稱 '\u30AF' 表示的字元，無法在目前的字碼頁中表示 (950)
C:\Users\nick yang2\source\repos\DLL Injector v2\DLL Injector v2\DLL Injector v2.cpp(318,46): warning C4566: 由通用字元名稱 '\uD504' 表示的字元，無法在目前的字碼頁中表示 (950)
C:\Users\nick yang2\source\repos\DLL Injector v2\DLL Injector v2\DLL Injector v2.cpp(318,46): warning C4566: 由通用字元名稱 '\uB85C' 表示的字元，無法在目前的字碼頁中表示 (950)
C:\Users\nick yang2\source\repos\DLL Injector v2\DLL Injector v2\DLL Injector v2.cpp(318,46): warning C4566: 由通用字元名稱 '\uC138' 表示的字元，無法在目前的字碼頁中表示 (950)
C:\Users\nick yang2\source\repos\DLL Injector v2\DLL Injector v2\DLL Injector v2.cpp(318,46): warning C4566: 由通用字元名稱 '\uC2A4' 表示的字元，無法在目前的字碼頁中表示 (950)
C:\Users\nick yang2\source\repos\DLL Injector v2\DLL Injector v2\DLL Injector v2.cpp(318,46): warning C4566: 由通用字元名稱 '\uAC80' 表示的字元，無法在目前的字碼頁中表示 (950)
C:\Users\nick yang2\source\repos\DLL Injector v2\DLL Injector v2\DLL Injector v2.cpp(318,46): warning C4566: 由通用字元名稱 '\uC0C9' 表示的字元，無法在目前的字碼頁中表示 (950)
C:\Users\nick yang2\source\repos\DLL Injector v2\DLL Injector v2\DLL Injector v2.cpp(318,46): warning C4566: 由通用字元名稱 '\uC911' 表示的字元，無法在目前的字碼頁中表示 (950)
C:\Users\nick yang2\source\repos\DLL Injector v2\DLL Injector v2\DLL Injector v2.cpp(319,48): warning C4566: 由通用字元名稱 '\uD504' 表示的字元，無法在目前的字碼頁中表示 (950)
C:\Users\nick yang2\source\repos\DLL Injector v2\DLL Injector v2\DLL Injector v2.cpp(319,48): warning C4566: 由通用字元名稱 '\uB85C' 表示的字元，無法在目前的字碼頁中表示 (950)
C:\Users\nick yang2\source\repos\DLL Injector v2\DLL Injector v2\DLL Injector v2.cpp(319,48): warning C4566: 由通用字元名稱 '\uC138' 表示的字元，無法在目前的字碼頁中表示 (950)
C:\Users\nick yang2\source\repos\DLL Injector v2\DLL Injector v2\DLL Injector v2.cpp(319,48): warning C4566: 由通用字元名稱 '\uC2A4' 表示的字元，無法在目前的字碼頁中表示 (950)
C:\Users\nick yang2\source\repos\DLL Injector v2\DLL Injector v2\DLL Injector v2.cpp(319,48): warning C4566: 由通用字元名稱 '\uB97C' 表示的字元，無法在目前的字碼頁中表示 (950)
C:\Users\nick yang2\source\repos\DLL Injector v2\DLL Injector v2\DLL Injector v2.cpp(319,48): warning C4566: 由通用字元名稱 '\uCC3E' 表示的字元，無法在目前的字碼頁中表示 (950)
C:\Users\nick yang2\source\repos\DLL Injector v2\DLL Injector v2\DLL Injector v2.cpp(319,48): warning C4566: 由通用字元名稱 '\uC744' 表示的字元，無法在目前的字碼頁中表示 (950)
C:\Users\nick yang2\source\repos\DLL Injector v2\DLL Injector v2\DLL Injector v2.cpp(319,48): warning C4566: 由通用字元名稱 '\uC218' 表示的字元，無法在目前的字碼頁中表示 (950)
C:\Users\nick yang2\source\repos\DLL Injector v2\DLL Injector v2\DLL Injector v2.cpp(319,48): warning C4566: 由通用字元名稱 '\uC5C6' 表示的字元，無法在目前的字碼頁中表示 (950)
C:\Users\nick yang2\source\repos\DLL Injector v2\DLL Injector v2\DLL Injector v2.cpp(319,48): warning C4566: 由通用字元名稱 '\uC2B5' 表示的字元，無法在目前的字碼頁中表示 (950)
C:\Users\nick yang2\source\repos\DLL Injector v2\DLL Injector v2\DLL Injector v2.cpp(319,48): warning C4566: 由通用字元名稱 '\uB2C8' 表示的字元，無法在目前的字碼頁中表示 (950)
C:\Users\nick yang2\source\repos\DLL Injector v2\DLL Injector v2\DLL Injector v2.cpp(319,48): warning C4566: 由通用字元名稱 '\uB2E4' 表示的字元，無法在目前的字碼頁中表示 (950)
C:\Users\nick yang2\source\repos\DLL Injector v2\DLL Injector v2\DLL Injector v2.cpp(320,37): warning C4566: 由通用字元名稱 '\uD30C' 表示的字元，無法在目前的字碼頁中表示 (950)
C:\Users\nick yang2\source\repos\DLL Injector v2\DLL Injector v2\DLL Injector v2.cpp(320,37): warning C4566: 由通用字元名稱 '\uC77C' 表示的字元，無法在目前的字碼頁中表示 (950)
C:\Users\nick yang2\source\repos\DLL Injector v2\DLL Injector v2\DLL Injector v2.cpp(320,37): warning C4566: 由通用字元名稱 '\uC120' 表示的字元，無法在目前的字碼頁中表示 (950)
C:\Users\nick yang2\source\repos\DLL Injector v2\DLL Injector v2\DLL Injector v2.cpp(320,37): warning C4566: 由通用字元名稱 '\uD0DD' 表示的字元，無法在目前的字碼頁中表示 (950)
C:\Users\nick yang2\source\repos\DLL Injector v2\DLL Injector v2\DLL Injector v2.cpp(321,38): warning C4566: 由通用字元名稱 '\uC8FC' 表示的字元，無法在目前的字碼頁中表示 (950)
C:\Users\nick yang2\source\repos\DLL Injector v2\DLL Injector v2\DLL Injector v2.cpp(321,38): warning C4566: 由通用字元名稱 '\uC785' 表示的字元，無法在目前的字碼頁中表示 (950)
C:\Users\nick yang2\source\repos\DLL Injector v2\DLL Injector v2\DLL Injector v2.cpp(321,38): warning C4566: 由通用字元名稱 '\uC2DC' 表示的字元，無法在目前的字碼頁中表示 (950)
C:\Users\nick yang2\source\repos\DLL Injector v2\DLL Injector v2\DLL Injector v2.cpp(321,38): warning C4566: 由通用字元名稱 '\uB3C4' 表示的字元，無法在目前的字碼頁中表示 (950)
C:\Users\nick yang2\source\repos\DLL Injector v2\DLL Injector v2\DLL Injector v2.cpp(321,38): warning C4566: 由通用字元名稱 '\uC911' 表示的字元，無法在目前的字碼頁中表示 (950)
C:\Users\nick yang2\source\repos\DLL Injector v2\DLL Injector v2\DLL Injector v2.cpp(322,43): warning C4566: 由通用字元名稱 '\uC8FC' 表示的字元，無法在目前的字碼頁中表示 (950)
C:\Users\nick yang2\source\repos\DLL Injector v2\DLL Injector v2\DLL Injector v2.cpp(322,43): warning C4566: 由通用字元名稱 '\uC785' 表示的字元，無法在目前的字碼頁中表示 (950)
C:\Users\nick yang2\source\repos\DLL Injector v2\DLL Injector v2\DLL Injector v2.cpp(322,43): warning C4566: 由通用字元名稱 '\uC131' 表示的字元，無法在目前的字碼頁中表示 (950)
C:\Users\nick yang2\source\repos\DLL Injector v2\DLL Injector v2\DLL Injector v2.cpp(322,43): warning C4566: 由通用字元名稱 '\uACF5' 表示的字元，無法在目前的字碼頁中表示 (950)
C:\Users\nick yang2\source\repos\DLL Injector v2\DLL Injector v2\DLL Injector v2.cpp(323,43): warning C4566: 由通用字元名稱 '\uC8FC' 表示的字元，無法在目前的字碼頁中表示 (950)
C:\Users\nick yang2\source\repos\DLL Injector v2\DLL Injector v2\DLL Injector v2.cpp(323,43): warning C4566: 由通用字元名稱 '\uC785' 表示的字元，無法在目前的字碼頁中表示 (950)
C:\Users\nick yang2\source\repos\DLL Injector v2\DLL Injector v2\DLL Injector v2.cpp(323,43): warning C4566: 由通用字元名稱 '\uC2E4' 表示的字元，無法在目前的字碼頁中表示 (950)
C:\Users\nick yang2\source\repos\DLL Injector v2\DLL Injector v2\DLL Injector v2.cpp(323,43): warning C4566: 由通用字元名稱 '\uD328' 表示的字元，無法在目前的字碼頁中表示 (950)
C:\Users\nick yang2\source\repos\DLL Injector v2\DLL Injector v2\DLL Injector v2.cpp(324,41): warning C4566: 由通用字元名稱 '\uD30C' 表示的字元，無法在目前的字碼頁中表示 (950)
C:\Users\nick yang2\source\repos\DLL Injector v2\DLL Injector v2\DLL Injector v2.cpp(324,41): warning C4566: 由通用字元名稱 '\uC77C' 表示的字元，無法在目前的字碼頁中表示 (950)
C:\Users\nick yang2\source\repos\DLL Injector v2\DLL Injector v2\DLL Injector v2.cpp(324,41): warning C4566: 由通用字元名稱 '\uC774' 表示的字元，無法在目前的字碼頁中表示 (950)
C:\Users\nick yang2\source\repos\DLL Injector v2\DLL Injector v2\DLL Injector v2.cpp(324,41): warning C4566: 由通用字元名稱 '\uC120' 表示的字元，無法在目前的字碼頁中表示 (950)
C:\Users\nick yang2\source\repos\DLL Injector v2\DLL Injector v2\DLL Injector v2.cpp(324,41): warning C4566: 由通用字元名稱 '\uD0DD' 表示的字元，無法在目前的字碼頁中表示 (950)
C:\Users\nick yang2\source\repos\DLL Injector v2\DLL Injector v2\DLL Injector v2.cpp(324,41): warning C4566: 由通用字元名稱 '\uB418' 表示的字元，無法在目前的字碼頁中表示 (950)
C:\Users\nick yang2\source\repos\DLL Injector v2\DLL Injector v2\DLL Injector v2.cpp(324,41): warning C4566: 由通用字元名稱 '\uC9C0' 表示的字元，無法在目前的字碼頁中表示 (950)
C:\Users\nick yang2\source\repos\DLL Injector v2\DLL Injector v2\DLL Injector v2.cpp(324,41): warning C4566: 由通用字元名稱 '\uC54A' 表示的字元，無法在目前的字碼頁中表示 (950)
C:\Users\nick yang2\source\repos\DLL Injector v2\DLL Injector v2\DLL Injector v2.cpp(324,41): warning C4566: 由通用字元名稱 '\uC558' 表示的字元，無法在目前的字碼頁中表示 (950)
C:\Users\nick yang2\source\repos\DLL Injector v2\DLL Injector v2\DLL Injector v2.cpp(324,41): warning C4566: 由通用字元名稱 '\uC2B5' 表示的字元，無法在目前的字碼頁中表示 (950)
C:\Users\nick yang2\source\repos\DLL Injector v2\DLL Injector v2\DLL Injector v2.cpp(324,41): warning C4566: 由通用字元名稱 '\uB2C8' 表示的字元，無法在目前的字碼頁中表示 (950)
C:\Users\nick yang2\source\repos\DLL Injector v2\DLL Injector v2\DLL Injector v2.cpp(324,41): warning C4566: 由通用字元名稱 '\uB2E4' 表示的字元，無法在目前的字碼頁中表示 (950)
C:\Users\nick yang2\source\repos\DLL Injector v2\DLL Injector v2\DLL Injector v2.cpp(325,28): warning C4566: 由通用字元名稱 '\uC120' 表示的字元，無法在目前的字碼頁中表示 (950)
C:\Users\nick yang2\source\repos\DLL Injector v2\DLL Injector v2\DLL Injector v2.cpp(325,28): warning C4566: 由通用字元名稱 '\uD0DD' 表示的字元，無法在目前的字碼頁中表示 (950)
C:\Users\nick yang2\source\repos\DLL Injector v2\DLL Injector v2\DLL Injector v2.cpp(325,28): warning C4566: 由通用字元名稱 '\uD55C' 表示的字元，無法在目前的字碼頁中表示 (950)
C:\Users\nick yang2\source\repos\DLL Injector v2\DLL Injector v2\DLL Injector v2.cpp(325,28): warning C4566: 由通用字元名稱 '\uC5B8' 表示的字元，無法在目前的字碼頁中表示 (950)
C:\Users\nick yang2\source\repos\DLL Injector v2\DLL Injector v2\DLL Injector v2.cpp(325,28): warning C4566: 由通用字元名稱 '\uC5B4' 表示的字元，無法在目前的字碼頁中表示 (950)
C:\Users\nick yang2\source\repos\DLL Injector v2\DLL Injector v2\DLL Injector v2.cpp(325,62): warning C4566: 由通用字元名稱 '\uC635' 表示的字元，無法在目前的字碼頁中表示 (950)
C:\Users\nick yang2\source\repos\DLL Injector v2\DLL Injector v2\DLL Injector v2.cpp(325,62): warning C4566: 由通用字元名稱 '\uC158' 表示的字元，無法在目前的字碼頁中表示 (950)
C:\Users\nick yang2\source\repos\DLL Injector v2\DLL Injector v2\DLL Injector v2.cpp(325,62): warning C4566: 由通用字元名稱 '\uC744' 表示的字元，無法在目前的字碼頁中表示 (950)
C:\Users\nick yang2\source\repos\DLL Injector v2\DLL Injector v2\DLL Injector v2.cpp(325,62): warning C4566: 由通用字元名稱 '\uC120' 表示的字元，無法在目前的字碼頁中表示 (950)
C:\Users\nick yang2\source\repos\DLL Injector v2\DLL Injector v2\DLL Injector v2.cpp(325,62): warning C4566: 由通用字元名稱 '\uD0DD' 表示的字元，無法在目前的字碼頁中表示 (950)
C:\Users\nick yang2\source\repos\DLL Injector v2\DLL Injector v2\DLL Injector v2.cpp(325,62): warning C4566: 由通用字元名稱 '\uD558' 表示的字元，無法在目前的字碼頁中表示 (950)
C:\Users\nick yang2\source\repos\DLL Injector v2\DLL Injector v2\DLL Injector v2.cpp(325,62): warning C4566: 由通用字元名稱 '\uC138' 表示的字元，無法在目前的字碼頁中表示 (950)
C:\Users\nick yang2\source\repos\DLL Injector v2\DLL Injector v2\DLL Injector v2.cpp(325,62): warning C4566: 由通用字元名稱 '\uC694' 表示的字元，無法在目前的字碼頁中表示 (950)
C:\Users\nick yang2\source\repos\DLL Injector v2\DLL Injector v2\DLL Injector v2.cpp(325,62): warning C4566: 由通用字元名稱 '\uC0BD' 表示的字元，無法在目前的字碼頁中表示 (950)
C:\Users\nick yang2\source\repos\DLL Injector v2\DLL Injector v2\DLL Injector v2.cpp(325,62): warning C4566: 由通用字元名稱 '\uC785' 表示的字元，無法在目前的字碼頁中表示 (950)
C:\Users\nick yang2\source\repos\DLL Injector v2\DLL Injector v2\DLL Injector v2.cpp(325,62): warning C4566: 由通用字元名稱 '\uC5B8' 表示的字元，無法在目前的字碼頁中表示 (950)
C:\Users\nick yang2\source\repos\DLL Injector v2\DLL Injector v2\DLL Injector v2.cpp(325,62): warning C4566: 由通用字元名稱 '\uC5B4' 表示的字元，無法在目前的字碼頁中表示 (950)
C:\Users\nick yang2\source\repos\DLL Injector v2\DLL Injector v2\DLL Injector v2.cpp(325,62): warning C4566: 由通用字元名稱 '\uC885' 表示的字元，無法在目前的字碼頁中表示 (950)
C:\Users\nick yang2\source\repos\DLL Injector v2\DLL Injector v2\DLL Injector v2.cpp(325,62): warning C4566: 由通用字元名稱 '\uB8CC' 表示的字元，無法在目前的字碼頁中表示 (950)
C:\Users\nick yang2\source\repos\DLL Injector v2\DLL Injector v2\DLL Injector v2.cpp(340,46): warning C4566: 由通用字元名稱 '\u5BFB' 表示的字元，無法在目前的字碼頁中表示 (950)
C:\Users\nick yang2\source\repos\DLL Injector v2\DLL Injector v2\DLL Injector v2.cpp(340,46): warning C4566: 由通用字元名稱 '\u8FDB' 表示的字元，無法在目前的字碼頁中表示 (950)
C:\Users\nick yang2\source\repos\DLL Injector v2\DLL Injector v2\DLL Injector v2.cpp(341,48): warning C4566: 由通用字元名稱 '\u8FDB' 表示的字元，無法在目前的字碼頁中表示 (950)
C:\Users\nick yang2\source\repos\DLL Injector v2\DLL Injector v2\DLL Injector v2.cpp(342,37): warning C4566: 由通用字元名稱 '\u9009' 表示的字元，無法在目前的字碼頁中表示 (950)
C:\Users\nick yang2\source\repos\DLL Injector v2\DLL Injector v2\DLL Injector v2.cpp(343,38): warning C4566: 由通用字元名稱 '\u5C1D' 表示的字元，無法在目前的字碼頁中表示 (950)
C:\Users\nick yang2\source\repos\DLL Injector v2\DLL Injector v2\DLL Injector v2.cpp(343,38): warning C4566: 由通用字元名稱 '\u8BD5' 表示的字元，無法在目前的字碼頁中表示 (950)
C:\Users\nick yang2\source\repos\DLL Injector v2\DLL Injector v2\DLL Injector v2.cpp(345,43): warning C4566: 由通用字元名稱 '\u8D25' 表示的字元，無法在目前的字碼頁中表示 (950)
C:\Users\nick yang2\source\repos\DLL Injector v2\DLL Injector v2\DLL Injector v2.cpp(346,41): warning C4566: 由通用字元名稱 '\u9009' 表示的字元，無法在目前的字碼頁中表示 (950)
C:\Users\nick yang2\source\repos\DLL Injector v2\DLL Injector v2\DLL Injector v2.cpp(346,41): warning C4566: 由通用字元名稱 '\u62E9' 表示的字元，無法在目前的字碼頁中表示 (950)
C:\Users\nick yang2\source\repos\DLL Injector v2\DLL Injector v2\DLL Injector v2.cpp(347,28): warning C4566: 由通用字元名稱 '\u9009' 表示的字元，無法在目前的字碼頁中表示 (950)
C:\Users\nick yang2\source\repos\DLL Injector v2\DLL Injector v2\DLL Injector v2.cpp(347,28): warning C4566: 由通用字元名稱 '\u8BED' 表示的字元，無法在目前的字碼頁中表示 (950)
C:\Users\nick yang2\source\repos\DLL Injector v2\DLL Injector v2\DLL Injector v2.cpp(347,62): warning C4566: 由通用字元名稱 '\u9009' 表示的字元，無法在目前的字碼頁中表示 (950)
C:\Users\nick yang2\source\repos\DLL Injector v2\DLL Injector v2\DLL Injector v2.cpp(347,62): warning C4566: 由通用字元名稱 '\u62E9' 表示的字元，無法在目前的字碼頁中表示 (950)
C:\Users\nick yang2\source\repos\DLL Injector v2\DLL Injector v2\DLL Injector v2.cpp(347,62): warning C4566: 由通用字元名稱 '\u4E2A' 表示的字元，無法在目前的字碼頁中表示 (950)
C:\Users\nick yang2\source\repos\DLL Injector v2\DLL Injector v2\DLL Injector v2.cpp(347,62): warning C4566: 由通用字元名稱 '\u9879' 表示的字元，無法在目前的字碼頁中表示 (950)
C:\Users\nick yang2\source\repos\DLL Injector v2\DLL Injector v2\DLL Injector v2.cpp(347,62): warning C4566: 由通用字元名稱 '\u8BED' 表示的字元，無法在目前的字碼頁中表示 (950)
  DLL Injector v2.vcxproj -> C:\Users\nick yang2\source\repos\DLL Injector v2\x64\Debug\DLL Injector v2.exe
